<?xml version="1.0" encoding="UTF-8"?>
<testng-results ignored="0" total="1" passed="1" failed="0" skipped="0">
  <reporter-output>
  </reporter-output>
  <suite started-at="2022-05-16T01:29:38 IST" name="Default suite" finished-at="2022-05-16T01:30:23 IST" duration-ms="44060">
    <groups>
    </groups>
    <test started-at="2022-05-16T01:29:38 IST" name="Default test" finished-at="2022-05-16T01:30:23 IST" duration-ms="44060">
      <class name="testCases.DrawLines">
        <test-method is-config="true" signature="setup()[pri:0, instance:testCases.DrawLines@4d9e68d0]" started-at="2022-05-16T01:29:38 IST" name="setup" finished-at="2022-05-16T01:29:45 IST" duration-ms="6245" status="PASS">
          <reporter-output>
          </reporter-output>
        </test-method> <!-- setup -->
        <test-method signature="testDrawingLines()[pri:0, instance:testCases.DrawLines@4d9e68d0]" started-at="2022-05-16T01:29:45 IST" name="testDrawingLines" finished-at="2022-05-16T01:30:22 IST" duration-ms="37522" status="PASS">
          <reporter-output>
          </reporter-output>
        </test-method> <!-- testDrawingLines -->
        <test-method is-config="true" signature="tearDown()[pri:0, instance:testCases.DrawLines@4d9e68d0]" started-at="2022-05-16T01:30:22 IST" name="tearDown" finished-at="2022-05-16T01:30:23 IST" duration-ms="259" status="PASS">
          <reporter-output>
          </reporter-output>
        </test-method> <!-- tearDown -->
      </class> <!-- testCases.DrawLines -->
    </test> <!-- Default test -->
  </suite> <!-- Default suite -->
</testng-results>
